<?xml version="1.0" encoding="UTF-8"?>
<testsuite name="com.example.tea.TeaApplicationTests" tests="1" skipped="0" failures="0" errors="0" timestamp="2026-08-08T07:08:49" hostname="INCRADIBLE" time="5.194">
  <properties/>
  <testcase name="contextLoads()" classname="com.example.tea.TeaApplicationTests" time="5.194"/>
  <system-out><![CDATA[Standard Commons Logging discovery in action with spring-jcl: please remove commons-logging.jar from classpath in order to avoid potential conflicts
12:38:22.449 [Test worker] INFO org.springframework.test.context.support.AnnotationConfigContextLoaderUtils -- Could not detect default configuration classes for test class [com.example.tea.TeaApplicationTests]: TeaApplicationTests does not declare any static, non-private, non-final, nested classes annotated with @Configuration.
12:38:22.648 [Test worker] INFO org.springframework.boot.test.context.SpringBootTestContextBootstrapper -- Found @SpringBootConfiguration com.example.tea.TeaApplication for test class com.example.tea.TeaApplicationTests

  .   ____          _            __ _ _
 /\\ / ___'_ __ _ _(_)_ __  __ _ \ \ \ \
( ( )\___ | '_ | '_| | '_ \/ _` | \ \ \ \
 \\/  ___)| |_)| | | | | || (_| |  ) ) ) )
  '  |____| .__|_| |_|_| |_\__, | / / / /
 =========|_|==============|___/=/_/_/_/
 :: Spring Boot ::      (v3.2.10-SNAPSHOT)

2026-08-08T12:38:23.475+05:30  INFO 10480 --- [tea] [    Test worker] com.example.tea.TeaApplicationTests      : Starting TeaApplicationTests using Java 17.0.14 with PID 10480 (started by 91740 in D:\tea-back)
2026-08-08T12:38:23.477+05:30  INFO 10480 --- [tea] [    Test worker] com.example.tea.TeaApplicationTests      : The following 1 profile is active: "dev"
2026-08-08T12:38:26.330+05:30  INFO 10480 --- [tea] [    Test worker] .s.d.r.c.RepositoryConfigurationDelegate : Multiple Spring Data modules found, entering strict repository configuration mode
2026-08-08T12:38:26.335+05:30  INFO 10480 --- [tea] [    Test worker] .s.d.r.c.RepositoryConfigurationDelegate : Bootstrapping Spring Data JDBC repositories in DEFAULT mode.
2026-08-08T12:38:26.439+05:30  INFO 10480 --- [tea] [    Test worker] .RepositoryConfigurationExtensionSupport : Spring Data JDBC - Could not safely identify store assignment for repository candidate interface com.example.tea.Repository.AboutSectionRepository; If you want this repository to be a JDBC repository, consider annotating your entities with one of these annotations: org.springframework.data.relational.core.mapping.Table.
2026-08-08T12:38:26.443+05:30  INFO 10480 --- [tea] [    Test worker] .RepositoryConfigurationExtensionSupport : Spring Data JDBC - Could not safely identify store assignment for repository candidate interface com.example.tea.Repository.ContactDetailRepository; If you want this repository to be a JDBC repository, consider annotating your entities with one of these annotations: org.springframework.data.relational.core.mapping.Table.
2026-08-08T12:38:26.446+05:30  INFO 10480 --- [tea] [    Test worker] .RepositoryConfigurationExtensionSupport : Spring Data JDBC - Could not safely identify store assignment for repository candidate interface com.example.tea.Repository.EnquiryItemRepository; If you want this repository to be a JDBC repository, consider annotating your entities with one of these annotations: org.springframework.data.relational.core.mapping.Table.
2026-08-08T12:38:26.449+05:30  INFO 10480 --- [tea] [    Test worker] .RepositoryConfigurationExtensionSupport : Spring Data JDBC - Could not safely identify store assignment for repository candidate interface com.example.tea.Repository.EnquiryRepository; If you want this repository to be a JDBC repository, consider annotating your entities with one of these annotations: org.springframework.data.relational.core.mapping.Table.
2026-08-08T12:38:26.453+05:30  INFO 10480 --- [tea] [    Test worker] .RepositoryConfigurationExtensionSupport : Spring Data JDBC - Could not safely identify store assignment for repository candidate interface com.example.tea.Repository.HomeImageRepository; If you want this repository to be a JDBC repository, consider annotating your entities with one of these annotations: org.springframework.data.relational.core.mapping.Table.
2026-08-08T12:38:26.456+05:30  INFO 10480 --- [tea] [    Test worker] .RepositoryConfigurationExtensionSupport : Spring Data JDBC - Could not safely identify store assignment for repository candidate interface com.example.tea.Repository.HomeSettingRepository; If you want this repository to be a JDBC repository, consider annotating your entities with one of these annotations: org.springframework.data.relational.core.mapping.Table.
2026-08-08T12:38:26.460+05:30  INFO 10480 --- [tea] [    Test worker] .RepositoryConfigurationExtensionSupport : Spring Data JDBC - Could not safely identify store assignment for repository candidate interface com.example.tea.Repository.InvoiceMSTRepository; If you want this repository to be a JDBC repository, consider annotating your entities with one of these annotations: org.springframework.data.relational.core.mapping.Table.
2026-08-08T12:38:26.463+05:30  INFO 10480 --- [tea] [    Test worker] .RepositoryConfigurationExtensionSupport : Spring Data JDBC - Could not safely identify store assignment for repository candidate interface com.example.tea.Repository.ItemInvoiceMappingRepository; If you want this repository to be a JDBC repository, consider annotating your entities with one of these annotations: org.springframework.data.relational.core.mapping.Table.
2026-08-08T12:38:26.468+05:30  INFO 10480 --- [tea] [    Test worker] .RepositoryConfigurationExtensionSupport : Spring Data JDBC - Could not safely identify store assignment for repository candidate interface com.example.tea.Repository.ItemMSTRepository; If you want this repository to be a JDBC repository, consider annotating your entities with one of these annotations: org.springframework.data.relational.core.mapping.Table.
2026-08-08T12:38:26.472+05:30  INFO 10480 --- [tea] [    Test worker] .RepositoryConfigurationExtensionSupport : Spring Data JDBC - Could not safely identify store assignment for repository candidate interface com.example.tea.Repository.PurchaseItemMappingRepository; If you want this repository to be a JDBC repository, consider annotating your entities with one of these annotations: org.springframework.data.relational.core.mapping.Table.
2026-08-08T12:38:26.475+05:30  INFO 10480 --- [tea] [    Test worker] .RepositoryConfigurationExtensionSupport : Spring Data JDBC - Could not safely identify store assignment for repository candidate interface com.example.tea.Repository.PurchaseMSTRepository; If you want this repository to be a JDBC repository, consider annotating your entities with one of these annotations: org.springframework.data.relational.core.mapping.Table.
2026-08-08T12:38:26.478+05:30  INFO 10480 --- [tea] [    Test worker] .RepositoryConfigurationExtensionSupport : Spring Data JDBC - Could not safely identify store assignment for repository candidate interface com.example.tea.Repository.TransportMSTRepository; If you want this repository to be a JDBC repository, consider annotating your entities with one of these annotations: org.springframework.data.relational.core.mapping.Table.
2026-08-08T12:38:26.482+05:30  INFO 10480 --- [tea] [    Test worker] .RepositoryConfigurationExtensionSupport : Spring Data JDBC - Could not safely identify store assignment for repository candidate interface com.example.tea.Repository.UserMSTRepository; If you want this repository to be a JDBC repository, consider annotating your entities with one of these annotations: org.springframework.data.relational.core.mapping.Table.
2026-08-08T12:38:26.484+05:30  INFO 10480 --- [tea] [    Test worker] .s.d.r.c.RepositoryConfigurationDelegate : Finished Spring Data repository scanning in 134 ms. Found 0 JDBC repository interfaces.
2026-08-08T12:38:26.516+05:30  INFO 10480 --- [tea] [    Test worker] .s.d.r.c.RepositoryConfigurationDelegate : Multiple Spring Data modules found, entering strict repository configuration mode
2026-08-08T12:38:26.519+05:30  INFO 10480 --- [tea] [    Test worker] .s.d.r.c.RepositoryConfigurationDelegate : Bootstrapping Spring Data JPA repositories in DEFAULT mode.
2026-08-08T12:38:26.725+05:30  INFO 10480 --- [tea] [    Test worker] .s.d.r.c.RepositoryConfigurationDelegate : Finished Spring Data repository scanning in 194 ms. Found 13 JPA repository interfaces.
2026-08-08T12:38:29.115+05:30  INFO 10480 --- [tea] [    Test worker] o.hibernate.jpa.internal.util.LogHelper  : HHH000204: Processing PersistenceUnitInfo [name: default]
2026-08-08T12:38:29.369+05:30  INFO 10480 --- [tea] [    Test worker] org.hibernate.Version                    : HHH000412: Hibernate ORM core version 6.4.10.Final
2026-08-08T12:38:29.499+05:30  INFO 10480 --- [tea] [    Test worker] o.h.c.internal.RegionFactoryInitiator    : HHH000026: Second-level cache disabled
2026-08-08T12:38:30.229+05:30  INFO 10480 --- [tea] [    Test worker] o.s.o.j.p.SpringPersistenceUnitInfo      : No LoadTimeWeaver setup: ignoring JPA class transformer
2026-08-08T12:38:30.311+05:30  INFO 10480 --- [tea] [    Test worker] com.zaxxer.hikari.HikariDataSource       : HikariPool-1 - Starting...
2026-08-08T12:38:30.906+05:30  INFO 10480 --- [tea] [    Test worker] com.zaxxer.hikari.pool.HikariPool        : HikariPool-1 - Added connection com.mysql.cj.jdbc.ConnectionImpl@120d6cbf
2026-08-08T12:38:30.915+05:30  INFO 10480 --- [tea] [    Test worker] com.zaxxer.hikari.HikariDataSource       : HikariPool-1 - Start completed.
2026-08-08T12:38:31.112+05:30  WARN 10480 --- [tea] [    Test worker] org.hibernate.dialect.Dialect            : HHH000511: The 5.5.0 version for [org.hibernate.dialect.MySQLDialect] is no longer supported, hence certain features may not work properly. The minimum supported version is 8.0.0. Check the community dialects project for available legacy versions.
2026-08-08T12:38:31.121+05:30  WARN 10480 --- [tea] [    Test worker] org.hibernate.orm.deprecation            : HHH90000025: MySQLDialect does not need to be specified explicitly using 'hibernate.dialect' (remove the property setting and it will be selected by default)
2026-08-08T12:38:37.449+05:30  INFO 10480 --- [tea] [    Test worker] o.h.e.t.j.p.i.JtaPlatformInitiator       : HHH000489: No JTA platform available (set 'hibernate.transaction.jta.platform' to enable JTA platform integration)
2026-08-08T12:38:38.196+05:30  INFO 10480 --- [tea] [    Test worker] j.LocalContainerEntityManagerFactoryBean : Initialized JPA EntityManagerFactory for persistence unit 'default'
2026-08-08T12:38:40.735+05:30  INFO 10480 --- [tea] [    Test worker] o.s.d.j.r.query.QueryEnhancerFactory     : Hibernate is in classpath; If applicable, HQL parser will be used.
2026-08-08T12:38:43.115+05:30  WARN 10480 --- [tea] [    Test worker] JpaBaseConfiguration$JpaWebConfiguration : spring.jpa.open-in-view is enabled by default. Therefore, database queries may be performed during view rendering. Explicitly configure spring.jpa.open-in-view to disable this warning
2026-08-08T12:38:46.482+05:30  INFO 10480 --- [tea] [    Test worker] o.s.s.web.DefaultSecurityFilterChain     : Will secure any request with [org.springframework.security.web.session.DisableEncodeUrlFilter@30182a74, org.springframework.security.web.context.request.async.WebAsyncManagerIntegrationFilter@6f8f0c59, org.springframework.security.web.context.SecurityContextHolderFilter@1263422a, org.springframework.security.web.header.HeaderWriterFilter@78e5b18, org.springframework.web.filter.CorsFilter@68fbad62, org.springframework.security.web.authentication.logout.LogoutFilter@27de073b, com.example.tea.Configuration.BearerTokenAuthFilter@20a434a8, org.springframework.security.web.savedrequest.RequestCacheAwareFilter@1f79536b, org.springframework.security.web.servletapi.SecurityContextHolderAwareRequestFilter@11b975cc, org.springframework.security.web.authentication.AnonymousAuthenticationFilter@7f2a5d5f, org.springframework.security.web.session.SessionManagementFilter@ac51234, org.springframework.security.web.access.ExceptionTranslationFilter@13b6f82d, org.springframework.security.web.access.intercept.AuthorizationFilter@d8a5846]
2026-08-08T12:38:49.291+05:30  INFO 10480 --- [tea] [    Test worker] com.example.tea.TeaApplicationTests      : Started TeaApplicationTests in 26.27 seconds (process running for 29.205)
]]></system-out>
  <system-err><![CDATA[]]></system-err>
</testsuite>
